<?xml version="1.0" encoding="UTF-8"?>
<!-- Generated by org.testng.reporters.JUnitReportReporter -->
<testsuite hostname="adem.local" name="com.myTest.FaceBookTest" tests="2" failures="0" timestamp="4 Aug 2020 03:59:15 GMT" time="34.096" errors="0">
  <testcase name="facebookTitleTest_2" time="17.008" classname="com.myTest.FaceBookTest"/>
  <testcase name="facebookTitleTest_1" time="17.088" classname="com.myTest.FaceBookTest"/>
</testsuite> <!-- com.myTest.FaceBookTest -->
