<?xml version="1.0" encoding="UTF-8"?>
<!-- Generated by org.testng.reporters.JUnitReportReporter -->
<testsuite hostname="adem.local" name="com.myTest.GoogleTest" tests="4" failures="0" timestamp="4 Aug 2020 03:59:15 GMT" time="61.962" errors="0">
  <testcase name="googleTitleTest_4" time="15.362" classname="com.myTest.GoogleTest"/>
  <testcase name="googleTitleTest_3" time="9.829" classname="com.myTest.GoogleTest"/>
  <testcase name="googleTitleTest_2" time="15.105" classname="com.myTest.GoogleTest"/>
  <testcase name="googleTitleTest_1" time="21.666" classname="com.myTest.GoogleTest"/>
</testsuite> <!-- com.myTest.GoogleTest -->
